<?xml version="1.0" encoding="UTF-8"?>
<!-- Generated by org.testng.reporters.JUnitXMLReporter -->
<testsuite ignored="2" hostname="DESKTOP-UE8LSC2" failures="0" tests="2" name="Test" time="27.126" errors="0" timestamp="2024-05-20T13:14:43 IST">
  <testcase classname="grouping.Testcase1" name="GTM" time="17.265"/>
  <testcase classname="grouping.Testcase4" name="GTM" time="9.785"/>
  <testcase classname="grouping.Testcase2" name="GTM" time="0.0">
    <ignored/>
  </testcase> <!-- GTM -->
  <testcase classname="grouping.Testcase3" name="GTM" time="0.0">
    <ignored/>
  </testcase> <!-- GTM -->
</testsuite> <!-- Test -->
