<?xml version="1.0" encoding="UTF-8"?>
<!-- Generated by org.testng.reporters.JUnitXMLReporter -->
<testsuite ignored="2" hostname="DESKTOP-UE8LSC2" failures="0" tests="2" name="smokeTest" time="22.495" errors="0" timestamp="2024-05-20T13:09:08 IST">
  <testcase classname="grouping.Testcase2" name="GTM" time="15.232"/>
  <testcase classname="grouping.Testcase1" name="GTM" time="7.181"/>
  <testcase classname="grouping.Testcase3" name="GTM" time="0.0">
    <ignored/>
  </testcase> <!-- GTM -->
  <testcase classname="grouping.Testcase4" name="GTM" time="0.0">
    <ignored/>
  </testcase> <!-- GTM -->
</testsuite> <!-- smokeTest -->
