<?xml version="1.0" encoding="UTF-8"?>
<!-- Generated by org.testng.reporters.JUnitXMLReporter -->
<testsuite ignored="3" hostname="DESKTOP-UE8LSC2" failures="0" tests="1" name="Test" time="61.313" errors="0" timestamp="2024-06-03T19:44:26 IST">
  <testcase classname="practice_selenium.Test1" name="amazon_hoverover" time="0.62"/>
  <testcase classname="practice_selenium.Test1" name="login" time="0.0">
    <ignored/>
  </testcase> <!-- login -->
  <testcase classname="practice_selenium.Test1" name="search" time="0.0">
    <ignored/>
  </testcase> <!-- search -->
  <testcase classname="practice_selenium.Test1" name="logout" time="0.0">
    <ignored/>
  </testcase> <!-- logout -->
</testsuite> <!-- Test -->
