<?xml version="1.0" encoding="UTF-8"?>
<!-- Generated by org.testng.reporters.JUnitXMLReporter -->
<testsuite ignored="3" hostname="DESKTOP-UE8LSC2" failures="1" tests="1" name="Testing on firefox" time="16.062" errors="0" timestamp="2024-06-03T19:57:18 IST">
  <testcase classname="practice_selenium.Test1" name="amazon_hoverover" time="16.015">
    <failure type="java.lang.NullPointerException" message="Cannot invoke &amp;quot;org.openqa.selenium.TakesScreenshot.getScreenshotAs(org.openqa.selenium.OutputType)&amp;quot; because &amp;quot;ts&amp;quot; is null">
      <![CDATA[java.lang.NullPointerException: Cannot invoke "org.openqa.selenium.TakesScreenshot.getScreenshotAs(org.openqa.selenium.OutputType)" because "ts" is null
at practice_selenium.Listner.onTestSuccess(Listner.java:31)
at java.base/java.util.ArrayList.forEach(ArrayList.java:1511)
... Removed 24 stack frames]]>
    </failure>
  </testcase> <!-- amazon_hoverover -->
  <testcase classname="practice_selenium.Test1" name="login" time="0.0">
    <ignored/>
  </testcase> <!-- login -->
  <testcase classname="practice_selenium.Test1" name="search" time="0.0">
    <ignored/>
  </testcase> <!-- search -->
  <testcase classname="practice_selenium.Test1" name="logout" time="0.0">
    <ignored/>
  </testcase> <!-- logout -->
</testsuite> <!-- Testing on firefox -->
